CRITICAL - 2024-04-26 08:15:04 --> Undefined variable $new_url
in APPPATH\Views\componetsType.php on line 7.
 1 APPPATH\Views\componetsType.php(7): CodeIgniter\Debug\Exceptions->errorHandler(2, 'Undefined variable $new_url', 'C:\\xampp\\htdocs\\krajca\\components\\app\\Views\\componetsType.php', 7)
 2 SYSTEMPATH\View\View.php(226): include('C:\\xampp\\htdocs\\krajca\\components\\app\\Views\\componetsType.php')
 3 SYSTEMPATH\View\View.php(229): CodeIgniter\View\View->CodeIgniter\View\{closure}()
 4 SYSTEMPATH\Common.php(1188): CodeIgniter\View\View->render('componetsType', [], true)
 5 APPPATH\Controllers\Main.php(29): view('componetsType', [...])
 6 SYSTEMPATH\CodeIgniter.php(919): App\Controllers\Main->getType()
 7 SYSTEMPATH\CodeIgniter.php(494): CodeIgniter\CodeIgniter->runController(Object(App\Controllers\Main))
 8 SYSTEMPATH\CodeIgniter.php(353): CodeIgniter\CodeIgniter->handleRequest(null, Object(Config\Cache), false)
 9 FCPATH\index.php(79): CodeIgniter\CodeIgniter->run()
CRITICAL - 2024-04-26 08:19:53 --> Undefined variable $x
in APPPATH\Controllers\Main.php on line 29.
 1 APPPATH\Controllers\Main.php(29): CodeIgniter\Debug\Exceptions->errorHandler(2, 'Undefined variable $x', 'C:\\xampp\\htdocs\\krajca\\components\\app\\Controllers\\Main.php', 29)
 2 SYSTEMPATH\CodeIgniter.php(919): App\Controllers\Main->getType()
 3 SYSTEMPATH\CodeIgniter.php(494): CodeIgniter\CodeIgniter->runController(Object(App\Controllers\Main))
 4 SYSTEMPATH\CodeIgniter.php(353): CodeIgniter\CodeIgniter->handleRequest(null, Object(Config\Cache), false)
 5 FCPATH\index.php(79): CodeIgniter\CodeIgniter->run()
CRITICAL - 2024-04-26 08:20:08 --> Attempt to read property "url" on array
in APPPATH\Controllers\Main.php on line 29.
 1 APPPATH\Controllers\Main.php(29): CodeIgniter\Debug\Exceptions->errorHandler(2, 'Attempt to read property "url" on array', 'C:\\xampp\\htdocs\\krajca\\components\\app\\Controllers\\Main.php', 29)
 2 SYSTEMPATH\CodeIgniter.php(919): App\Controllers\Main->getType()
 3 SYSTEMPATH\CodeIgniter.php(494): CodeIgniter\CodeIgniter->runController(Object(App\Controllers\Main))
 4 SYSTEMPATH\CodeIgniter.php(353): CodeIgniter\CodeIgniter->handleRequest(null, Object(Config\Cache), false)
 5 FCPATH\index.php(79): CodeIgniter\CodeIgniter->run()
CRITICAL - 2024-04-26 08:21:05 --> Attempt to read property "url" on array
in APPPATH\Controllers\Main.php on line 36.
 1 APPPATH\Controllers\Main.php(36): CodeIgniter\Debug\Exceptions->errorHandler(2, 'Attempt to read property "url" on array', 'C:\\xampp\\htdocs\\krajca\\components\\app\\Controllers\\Main.php', 36)
 2 SYSTEMPATH\CodeIgniter.php(919): App\Controllers\Main->getKomponent('1')
 3 SYSTEMPATH\CodeIgniter.php(494): CodeIgniter\CodeIgniter->runController(Object(App\Controllers\Main))
 4 SYSTEMPATH\CodeIgniter.php(353): CodeIgniter\CodeIgniter->handleRequest(null, Object(Config\Cache), false)
 5 FCPATH\index.php(79): CodeIgniter\CodeIgniter->run()
CRITICAL - 2024-04-26 08:23:02 --> Undefined variable $data
in APPPATH\Views\components.php on line 7.
 1 APPPATH\Views\components.php(7): CodeIgniter\Debug\Exceptions->errorHandler(2, 'Undefined variable $data', 'C:\\xampp\\htdocs\\krajca\\components\\app\\Views\\components.php', 7)
 2 SYSTEMPATH\View\View.php(226): include('C:\\xampp\\htdocs\\krajca\\components\\app\\Views\\components.php')
 3 SYSTEMPATH\View\View.php(229): CodeIgniter\View\View->CodeIgniter\View\{closure}()
 4 SYSTEMPATH\Common.php(1188): CodeIgniter\View\View->render('components', [], true)
 5 APPPATH\Controllers\Main.php(36): view('components', [...])
 6 SYSTEMPATH\CodeIgniter.php(919): App\Controllers\Main->getKomponent('1')
 7 SYSTEMPATH\CodeIgniter.php(494): CodeIgniter\CodeIgniter->runController(Object(App\Controllers\Main))
 8 SYSTEMPATH\CodeIgniter.php(353): CodeIgniter\CodeIgniter->handleRequest(null, Object(Config\Cache), false)
 9 FCPATH\index.php(79): CodeIgniter\CodeIgniter->run()
CRITICAL - 2024-04-26 08:23:09 --> Undefined property: stdClass::$url
in APPPATH\Views\components.php on line 7.
 1 APPPATH\Views\components.php(7): CodeIgniter\Debug\Exceptions->errorHandler(2, 'Undefined property: stdClass::$url', 'C:\\xampp\\htdocs\\krajca\\components\\app\\Views\\components.php', 7)
 2 SYSTEMPATH\View\View.php(226): include('C:\\xampp\\htdocs\\krajca\\components\\app\\Views\\components.php')
 3 SYSTEMPATH\View\View.php(229): CodeIgniter\View\View->CodeIgniter\View\{closure}()
 4 SYSTEMPATH\Common.php(1188): CodeIgniter\View\View->render('components', [], true)
 5 APPPATH\Controllers\Main.php(36): view('components', [...])
 6 SYSTEMPATH\CodeIgniter.php(919): App\Controllers\Main->getKomponent('1')
 7 SYSTEMPATH\CodeIgniter.php(494): CodeIgniter\CodeIgniter->runController(Object(App\Controllers\Main))
 8 SYSTEMPATH\CodeIgniter.php(353): CodeIgniter\CodeIgniter->handleRequest(null, Object(Config\Cache), false)
 9 FCPATH\index.php(79): CodeIgniter\CodeIgniter->run()
CRITICAL - 2024-04-26 08:23:10 --> Undefined property: stdClass::$url
in APPPATH\Views\components.php on line 7.
 1 APPPATH\Views\components.php(7): CodeIgniter\Debug\Exceptions->errorHandler(2, 'Undefined property: stdClass::$url', 'C:\\xampp\\htdocs\\krajca\\components\\app\\Views\\components.php', 7)
 2 SYSTEMPATH\View\View.php(226): include('C:\\xampp\\htdocs\\krajca\\components\\app\\Views\\components.php')
 3 SYSTEMPATH\View\View.php(229): CodeIgniter\View\View->CodeIgniter\View\{closure}()
 4 SYSTEMPATH\Common.php(1188): CodeIgniter\View\View->render('components', [], true)
 5 APPPATH\Controllers\Main.php(36): view('components', [...])
 6 SYSTEMPATH\CodeIgniter.php(919): App\Controllers\Main->getKomponent('1')
 7 SYSTEMPATH\CodeIgniter.php(494): CodeIgniter\CodeIgniter->runController(Object(App\Controllers\Main))
 8 SYSTEMPATH\CodeIgniter.php(353): CodeIgniter\CodeIgniter->handleRequest(null, Object(Config\Cache), false)
 9 FCPATH\index.php(79): CodeIgniter\CodeIgniter->run()
CRITICAL - 2024-04-26 08:23:10 --> Undefined property: stdClass::$url
in APPPATH\Views\components.php on line 7.
 1 APPPATH\Views\components.php(7): CodeIgniter\Debug\Exceptions->errorHandler(2, 'Undefined property: stdClass::$url', 'C:\\xampp\\htdocs\\krajca\\components\\app\\Views\\components.php', 7)
 2 SYSTEMPATH\View\View.php(226): include('C:\\xampp\\htdocs\\krajca\\components\\app\\Views\\components.php')
 3 SYSTEMPATH\View\View.php(229): CodeIgniter\View\View->CodeIgniter\View\{closure}()
 4 SYSTEMPATH\Common.php(1188): CodeIgniter\View\View->render('components', [], true)
 5 APPPATH\Controllers\Main.php(36): view('components', [...])
 6 SYSTEMPATH\CodeIgniter.php(919): App\Controllers\Main->getKomponent('1')
 7 SYSTEMPATH\CodeIgniter.php(494): CodeIgniter\CodeIgniter->runController(Object(App\Controllers\Main))
 8 SYSTEMPATH\CodeIgniter.php(353): CodeIgniter\CodeIgniter->handleRequest(null, Object(Config\Cache), false)
 9 FCPATH\index.php(79): CodeIgniter\CodeIgniter->run()
CRITICAL - 2024-04-26 08:23:10 --> Undefined property: stdClass::$url
in APPPATH\Views\components.php on line 7.
 1 APPPATH\Views\components.php(7): CodeIgniter\Debug\Exceptions->errorHandler(2, 'Undefined property: stdClass::$url', 'C:\\xampp\\htdocs\\krajca\\components\\app\\Views\\components.php', 7)
 2 SYSTEMPATH\View\View.php(226): include('C:\\xampp\\htdocs\\krajca\\components\\app\\Views\\components.php')
 3 SYSTEMPATH\View\View.php(229): CodeIgniter\View\View->CodeIgniter\View\{closure}()
 4 SYSTEMPATH\Common.php(1188): CodeIgniter\View\View->render('components', [], true)
 5 APPPATH\Controllers\Main.php(36): view('components', [...])
 6 SYSTEMPATH\CodeIgniter.php(919): App\Controllers\Main->getKomponent('1')
 7 SYSTEMPATH\CodeIgniter.php(494): CodeIgniter\CodeIgniter->runController(Object(App\Controllers\Main))
 8 SYSTEMPATH\CodeIgniter.php(353): CodeIgniter\CodeIgniter->handleRequest(null, Object(Config\Cache), false)
 9 FCPATH\index.php(79): CodeIgniter\CodeIgniter->run()
CRITICAL - 2024-04-26 08:23:10 --> Undefined property: stdClass::$url
in APPPATH\Views\components.php on line 7.
 1 APPPATH\Views\components.php(7): CodeIgniter\Debug\Exceptions->errorHandler(2, 'Undefined property: stdClass::$url', 'C:\\xampp\\htdocs\\krajca\\components\\app\\Views\\components.php', 7)
 2 SYSTEMPATH\View\View.php(226): include('C:\\xampp\\htdocs\\krajca\\components\\app\\Views\\components.php')
 3 SYSTEMPATH\View\View.php(229): CodeIgniter\View\View->CodeIgniter\View\{closure}()
 4 SYSTEMPATH\Common.php(1188): CodeIgniter\View\View->render('components', [], true)
 5 APPPATH\Controllers\Main.php(36): view('components', [...])
 6 SYSTEMPATH\CodeIgniter.php(919): App\Controllers\Main->getKomponent('1')
 7 SYSTEMPATH\CodeIgniter.php(494): CodeIgniter\CodeIgniter->runController(Object(App\Controllers\Main))
 8 SYSTEMPATH\CodeIgniter.php(353): CodeIgniter\CodeIgniter->handleRequest(null, Object(Config\Cache), false)
 9 FCPATH\index.php(79): CodeIgniter\CodeIgniter->run()
CRITICAL - 2024-04-26 08:23:11 --> Undefined property: stdClass::$url
in APPPATH\Views\components.php on line 7.
 1 APPPATH\Views\components.php(7): CodeIgniter\Debug\Exceptions->errorHandler(2, 'Undefined property: stdClass::$url', 'C:\\xampp\\htdocs\\krajca\\components\\app\\Views\\components.php', 7)
 2 SYSTEMPATH\View\View.php(226): include('C:\\xampp\\htdocs\\krajca\\components\\app\\Views\\components.php')
 3 SYSTEMPATH\View\View.php(229): CodeIgniter\View\View->CodeIgniter\View\{closure}()
 4 SYSTEMPATH\Common.php(1188): CodeIgniter\View\View->render('components', [], true)
 5 APPPATH\Controllers\Main.php(36): view('components', [...])
 6 SYSTEMPATH\CodeIgniter.php(919): App\Controllers\Main->getKomponent('1')
 7 SYSTEMPATH\CodeIgniter.php(494): CodeIgniter\CodeIgniter->runController(Object(App\Controllers\Main))
 8 SYSTEMPATH\CodeIgniter.php(353): CodeIgniter\CodeIgniter->handleRequest(null, Object(Config\Cache), false)
 9 FCPATH\index.php(79): CodeIgniter\CodeIgniter->run()
CRITICAL - 2024-04-26 08:23:11 --> Undefined property: stdClass::$url
in APPPATH\Views\components.php on line 7.
 1 APPPATH\Views\components.php(7): CodeIgniter\Debug\Exceptions->errorHandler(2, 'Undefined property: stdClass::$url', 'C:\\xampp\\htdocs\\krajca\\components\\app\\Views\\components.php', 7)
 2 SYSTEMPATH\View\View.php(226): include('C:\\xampp\\htdocs\\krajca\\components\\app\\Views\\components.php')
 3 SYSTEMPATH\View\View.php(229): CodeIgniter\View\View->CodeIgniter\View\{closure}()
 4 SYSTEMPATH\Common.php(1188): CodeIgniter\View\View->render('components', [], true)
 5 APPPATH\Controllers\Main.php(36): view('components', [...])
 6 SYSTEMPATH\CodeIgniter.php(919): App\Controllers\Main->getKomponent('1')
 7 SYSTEMPATH\CodeIgniter.php(494): CodeIgniter\CodeIgniter->runController(Object(App\Controllers\Main))
 8 SYSTEMPATH\CodeIgniter.php(353): CodeIgniter\CodeIgniter->handleRequest(null, Object(Config\Cache), false)
 9 FCPATH\index.php(79): CodeIgniter\CodeIgniter->run()
CRITICAL - 2024-04-26 08:23:11 --> Undefined property: stdClass::$url
in APPPATH\Views\components.php on line 7.
 1 APPPATH\Views\components.php(7): CodeIgniter\Debug\Exceptions->errorHandler(2, 'Undefined property: stdClass::$url', 'C:\\xampp\\htdocs\\krajca\\components\\app\\Views\\components.php', 7)
 2 SYSTEMPATH\View\View.php(226): include('C:\\xampp\\htdocs\\krajca\\components\\app\\Views\\components.php')
 3 SYSTEMPATH\View\View.php(229): CodeIgniter\View\View->CodeIgniter\View\{closure}()
 4 SYSTEMPATH\Common.php(1188): CodeIgniter\View\View->render('components', [], true)
 5 APPPATH\Controllers\Main.php(36): view('components', [...])
 6 SYSTEMPATH\CodeIgniter.php(919): App\Controllers\Main->getKomponent('1')
 7 SYSTEMPATH\CodeIgniter.php(494): CodeIgniter\CodeIgniter->runController(Object(App\Controllers\Main))
 8 SYSTEMPATH\CodeIgniter.php(353): CodeIgniter\CodeIgniter->handleRequest(null, Object(Config\Cache), false)
 9 FCPATH\index.php(79): CodeIgniter\CodeIgniter->run()
CRITICAL - 2024-04-26 08:23:11 --> Undefined property: stdClass::$url
in APPPATH\Views\components.php on line 7.
 1 APPPATH\Views\components.php(7): CodeIgniter\Debug\Exceptions->errorHandler(2, 'Undefined property: stdClass::$url', 'C:\\xampp\\htdocs\\krajca\\components\\app\\Views\\components.php', 7)
 2 SYSTEMPATH\View\View.php(226): include('C:\\xampp\\htdocs\\krajca\\components\\app\\Views\\components.php')
 3 SYSTEMPATH\View\View.php(229): CodeIgniter\View\View->CodeIgniter\View\{closure}()
 4 SYSTEMPATH\Common.php(1188): CodeIgniter\View\View->render('components', [], true)
 5 APPPATH\Controllers\Main.php(36): view('components', [...])
 6 SYSTEMPATH\CodeIgniter.php(919): App\Controllers\Main->getKomponent('1')
 7 SYSTEMPATH\CodeIgniter.php(494): CodeIgniter\CodeIgniter->runController(Object(App\Controllers\Main))
 8 SYSTEMPATH\CodeIgniter.php(353): CodeIgniter\CodeIgniter->handleRequest(null, Object(Config\Cache), false)
 9 FCPATH\index.php(79): CodeIgniter\CodeIgniter->run()
CRITICAL - 2024-04-26 08:23:11 --> Undefined property: stdClass::$url
in APPPATH\Views\components.php on line 7.
 1 APPPATH\Views\components.php(7): CodeIgniter\Debug\Exceptions->errorHandler(2, 'Undefined property: stdClass::$url', 'C:\\xampp\\htdocs\\krajca\\components\\app\\Views\\components.php', 7)
 2 SYSTEMPATH\View\View.php(226): include('C:\\xampp\\htdocs\\krajca\\components\\app\\Views\\components.php')
 3 SYSTEMPATH\View\View.php(229): CodeIgniter\View\View->CodeIgniter\View\{closure}()
 4 SYSTEMPATH\Common.php(1188): CodeIgniter\View\View->render('components', [], true)
 5 APPPATH\Controllers\Main.php(36): view('components', [...])
 6 SYSTEMPATH\CodeIgniter.php(919): App\Controllers\Main->getKomponent('1')
 7 SYSTEMPATH\CodeIgniter.php(494): CodeIgniter\CodeIgniter->runController(Object(App\Controllers\Main))
 8 SYSTEMPATH\CodeIgniter.php(353): CodeIgniter\CodeIgniter->handleRequest(null, Object(Config\Cache), false)
 9 FCPATH\index.php(79): CodeIgniter\CodeIgniter->run()
CRITICAL - 2024-04-26 08:26:31 --> Call to a member function where() on null
in APPPATH\Controllers\Main.php on line 34.
 1 SYSTEMPATH\CodeIgniter.php(919): App\Controllers\Main->getKomponent('1')
 2 SYSTEMPATH\CodeIgniter.php(494): CodeIgniter\CodeIgniter->runController(Object(App\Controllers\Main))
 3 SYSTEMPATH\CodeIgniter.php(353): CodeIgniter\CodeIgniter->handleRequest(null, Object(Config\Cache), false)
 4 FCPATH\index.php(79): CodeIgniter\CodeIgniter->run()
CRITICAL - 2024-04-26 08:26:32 --> Call to a member function where() on null
in APPPATH\Controllers\Main.php on line 34.
 1 SYSTEMPATH\CodeIgniter.php(919): App\Controllers\Main->getKomponent('1')
 2 SYSTEMPATH\CodeIgniter.php(494): CodeIgniter\CodeIgniter->runController(Object(App\Controllers\Main))
 3 SYSTEMPATH\CodeIgniter.php(353): CodeIgniter\CodeIgniter->handleRequest(null, Object(Config\Cache), false)
 4 FCPATH\index.php(79): CodeIgniter\CodeIgniter->run()
CRITICAL - 2024-04-26 08:27:59 --> Attempt to read property "url" on array
in APPPATH\Controllers\Main.php on line 36.
 1 APPPATH\Controllers\Main.php(36): CodeIgniter\Debug\Exceptions->errorHandler(2, 'Attempt to read property "url" on array', 'C:\\xampp\\htdocs\\krajca\\components\\app\\Controllers\\Main.php', 36)
 2 SYSTEMPATH\CodeIgniter.php(919): App\Controllers\Main->getKomponent('1')
 3 SYSTEMPATH\CodeIgniter.php(494): CodeIgniter\CodeIgniter->runController(Object(App\Controllers\Main))
 4 SYSTEMPATH\CodeIgniter.php(353): CodeIgniter\CodeIgniter->handleRequest(null, Object(Config\Cache), false)
 5 FCPATH\index.php(79): CodeIgniter\CodeIgniter->run()
CRITICAL - 2024-04-26 08:28:06 --> Undefined variable $com
in APPPATH\Controllers\Main.php on line 36.
 1 APPPATH\Controllers\Main.php(36): CodeIgniter\Debug\Exceptions->errorHandler(2, 'Undefined variable $com', 'C:\\xampp\\htdocs\\krajca\\components\\app\\Controllers\\Main.php', 36)
 2 SYSTEMPATH\CodeIgniter.php(919): App\Controllers\Main->getKomponent('1')
 3 SYSTEMPATH\CodeIgniter.php(494): CodeIgniter\CodeIgniter->runController(Object(App\Controllers\Main))
 4 SYSTEMPATH\CodeIgniter.php(353): CodeIgniter\CodeIgniter->handleRequest(null, Object(Config\Cache), false)
 5 FCPATH\index.php(79): CodeIgniter\CodeIgniter->run()
CRITICAL - 2024-04-26 08:28:07 --> Undefined variable $com
in APPPATH\Controllers\Main.php on line 36.
 1 APPPATH\Controllers\Main.php(36): CodeIgniter\Debug\Exceptions->errorHandler(2, 'Undefined variable $com', 'C:\\xampp\\htdocs\\krajca\\components\\app\\Controllers\\Main.php', 36)
 2 SYSTEMPATH\CodeIgniter.php(919): App\Controllers\Main->getKomponent('1')
 3 SYSTEMPATH\CodeIgniter.php(494): CodeIgniter\CodeIgniter->runController(Object(App\Controllers\Main))
 4 SYSTEMPATH\CodeIgniter.php(353): CodeIgniter\CodeIgniter->handleRequest(null, Object(Config\Cache), false)
 5 FCPATH\index.php(79): CodeIgniter\CodeIgniter->run()
CRITICAL - 2024-04-26 08:28:07 --> Undefined variable $com
in APPPATH\Controllers\Main.php on line 36.
 1 APPPATH\Controllers\Main.php(36): CodeIgniter\Debug\Exceptions->errorHandler(2, 'Undefined variable $com', 'C:\\xampp\\htdocs\\krajca\\components\\app\\Controllers\\Main.php', 36)
 2 SYSTEMPATH\CodeIgniter.php(919): App\Controllers\Main->getKomponent('1')
 3 SYSTEMPATH\CodeIgniter.php(494): CodeIgniter\CodeIgniter->runController(Object(App\Controllers\Main))
 4 SYSTEMPATH\CodeIgniter.php(353): CodeIgniter\CodeIgniter->handleRequest(null, Object(Config\Cache), false)
 5 FCPATH\index.php(79): CodeIgniter\CodeIgniter->run()
CRITICAL - 2024-04-26 08:28:07 --> Undefined variable $com
in APPPATH\Controllers\Main.php on line 36.
 1 APPPATH\Controllers\Main.php(36): CodeIgniter\Debug\Exceptions->errorHandler(2, 'Undefined variable $com', 'C:\\xampp\\htdocs\\krajca\\components\\app\\Controllers\\Main.php', 36)
 2 SYSTEMPATH\CodeIgniter.php(919): App\Controllers\Main->getKomponent('1')
 3 SYSTEMPATH\CodeIgniter.php(494): CodeIgniter\CodeIgniter->runController(Object(App\Controllers\Main))
 4 SYSTEMPATH\CodeIgniter.php(353): CodeIgniter\CodeIgniter->handleRequest(null, Object(Config\Cache), false)
 5 FCPATH\index.php(79): CodeIgniter\CodeIgniter->run()
CRITICAL - 2024-04-26 08:28:07 --> Undefined variable $com
in APPPATH\Controllers\Main.php on line 36.
 1 APPPATH\Controllers\Main.php(36): CodeIgniter\Debug\Exceptions->errorHandler(2, 'Undefined variable $com', 'C:\\xampp\\htdocs\\krajca\\components\\app\\Controllers\\Main.php', 36)
 2 SYSTEMPATH\CodeIgniter.php(919): App\Controllers\Main->getKomponent('1')
 3 SYSTEMPATH\CodeIgniter.php(494): CodeIgniter\CodeIgniter->runController(Object(App\Controllers\Main))
 4 SYSTEMPATH\CodeIgniter.php(353): CodeIgniter\CodeIgniter->handleRequest(null, Object(Config\Cache), false)
 5 FCPATH\index.php(79): CodeIgniter\CodeIgniter->run()
CRITICAL - 2024-04-26 08:28:07 --> Undefined variable $com
in APPPATH\Controllers\Main.php on line 36.
 1 APPPATH\Controllers\Main.php(36): CodeIgniter\Debug\Exceptions->errorHandler(2, 'Undefined variable $com', 'C:\\xampp\\htdocs\\krajca\\components\\app\\Controllers\\Main.php', 36)
 2 SYSTEMPATH\CodeIgniter.php(919): App\Controllers\Main->getKomponent('1')
 3 SYSTEMPATH\CodeIgniter.php(494): CodeIgniter\CodeIgniter->runController(Object(App\Controllers\Main))
 4 SYSTEMPATH\CodeIgniter.php(353): CodeIgniter\CodeIgniter->handleRequest(null, Object(Config\Cache), false)
 5 FCPATH\index.php(79): CodeIgniter\CodeIgniter->run()
CRITICAL - 2024-04-26 08:28:13 --> Undefined constant "App\Controllers\com"
in APPPATH\Controllers\Main.php on line 36.
 1 SYSTEMPATH\CodeIgniter.php(919): App\Controllers\Main->getKomponent('1')
 2 SYSTEMPATH\CodeIgniter.php(494): CodeIgniter\CodeIgniter->runController(Object(App\Controllers\Main))
 3 SYSTEMPATH\CodeIgniter.php(353): CodeIgniter\CodeIgniter->handleRequest(null, Object(Config\Cache), false)
 4 FCPATH\index.php(79): CodeIgniter\CodeIgniter->run()
CRITICAL - 2024-04-26 08:54:34 --> Undefined variable $id
in APPPATH\Controllers\Main.php on line 35.
 1 APPPATH\Controllers\Main.php(35): CodeIgniter\Debug\Exceptions->errorHandler(2, 'Undefined variable $id', 'C:\\xampp\\htdocs\\krajca\\components\\app\\Controllers\\Main.php', 35)
 2 SYSTEMPATH\CodeIgniter.php(919): App\Controllers\Main->getKomponent('1')
 3 SYSTEMPATH\CodeIgniter.php(494): CodeIgniter\CodeIgniter->runController(Object(App\Controllers\Main))
 4 SYSTEMPATH\CodeIgniter.php(353): CodeIgniter\CodeIgniter->handleRequest(null, Object(Config\Cache), false)
 5 FCPATH\index.php(79): CodeIgniter\CodeIgniter->run()
CRITICAL - 2024-04-26 08:56:24 --> Undefined variable $id
in APPPATH\Controllers\Main.php on line 35.
 1 APPPATH\Controllers\Main.php(35): CodeIgniter\Debug\Exceptions->errorHandler(2, 'Undefined variable $id', 'C:\\xampp\\htdocs\\krajca\\components\\app\\Controllers\\Main.php', 35)
 2 SYSTEMPATH\CodeIgniter.php(919): App\Controllers\Main->getKomponent('1')
 3 SYSTEMPATH\CodeIgniter.php(494): CodeIgniter\CodeIgniter->runController(Object(App\Controllers\Main))
 4 SYSTEMPATH\CodeIgniter.php(353): CodeIgniter\CodeIgniter->handleRequest(null, Object(Config\Cache), false)
 5 FCPATH\index.php(79): CodeIgniter\CodeIgniter->run()
CRITICAL - 2024-04-26 08:56:57 --> Undefined variable $id
in APPPATH\Controllers\Main.php on line 35.
 1 APPPATH\Controllers\Main.php(35): CodeIgniter\Debug\Exceptions->errorHandler(2, 'Undefined variable $id', 'C:\\xampp\\htdocs\\krajca\\components\\app\\Controllers\\Main.php', 35)
 2 SYSTEMPATH\CodeIgniter.php(919): App\Controllers\Main->getKomponent('mobo')
 3 SYSTEMPATH\CodeIgniter.php(494): CodeIgniter\CodeIgniter->runController(Object(App\Controllers\Main))
 4 SYSTEMPATH\CodeIgniter.php(353): CodeIgniter\CodeIgniter->handleRequest(null, Object(Config\Cache), false)
 5 FCPATH\index.php(79): CodeIgniter\CodeIgniter->run()
CRITICAL - 2024-04-26 09:00:37 --> Undefined variable $id
in APPPATH\Controllers\Main.php on line 34.
 1 APPPATH\Controllers\Main.php(34): CodeIgniter\Debug\Exceptions->errorHandler(2, 'Undefined variable $id', 'C:\\xampp\\htdocs\\krajca\\components\\app\\Controllers\\Main.php', 34)
 2 SYSTEMPATH\CodeIgniter.php(919): App\Controllers\Main->getKomponent('mobo')
 3 SYSTEMPATH\CodeIgniter.php(494): CodeIgniter\CodeIgniter->runController(Object(App\Controllers\Main))
 4 SYSTEMPATH\CodeIgniter.php(353): CodeIgniter\CodeIgniter->handleRequest(null, Object(Config\Cache), false)
 5 FCPATH\index.php(79): CodeIgniter\CodeIgniter->run()
CRITICAL - 2024-04-26 09:01:05 --> Undefined variable $id
in APPPATH\Controllers\Main.php on line 34.
 1 APPPATH\Controllers\Main.php(34): CodeIgniter\Debug\Exceptions->errorHandler(2, 'Undefined variable $id', 'C:\\xampp\\htdocs\\krajca\\components\\app\\Controllers\\Main.php', 34)
 2 SYSTEMPATH\CodeIgniter.php(919): App\Controllers\Main->getKomponent('mobo')
 3 SYSTEMPATH\CodeIgniter.php(494): CodeIgniter\CodeIgniter->runController(Object(App\Controllers\Main))
 4 SYSTEMPATH\CodeIgniter.php(353): CodeIgniter\CodeIgniter->handleRequest(null, Object(Config\Cache), false)
 5 FCPATH\index.php(79): CodeIgniter\CodeIgniter->run()
ERROR - 2024-04-26 09:02:24 --> mysqli_sql_exception: You have an error in your SQL syntax; check the manual that corresponds to your MariaDB server version for the right syntax to use near ')' at line 3 in C:\xampp\htdocs\krajca\components\system\Database\MySQLi\Connection.php:306
Stack trace:
#0 C:\xampp\htdocs\krajca\components\system\Database\MySQLi\Connection.php(306): mysqli->query('SELECT COUNT(*)...', 0)
#1 C:\xampp\htdocs\krajca\components\system\Database\BaseConnection.php(692): CodeIgniter\Database\MySQLi\Connection->execute('SELECT COUNT(*)...')
#2 C:\xampp\htdocs\krajca\components\system\Database\BaseConnection.php(606): CodeIgniter\Database\BaseConnection->simpleQuery('SELECT COUNT(*)...')
#3 C:\xampp\htdocs\krajca\components\system\Database\BaseBuilder.php(1699): CodeIgniter\Database\BaseConnection->query('SELECT COUNT(*)...', Array, false)
#4 C:\xampp\htdocs\krajca\components\system\Model.php(599): CodeIgniter\Database\BaseBuilder->countAllResults(false)
#5 C:\xampp\htdocs\krajca\components\system\BaseModel.php(1203): CodeIgniter\Model->countAllResults(false)
#6 C:\xampp\htdocs\krajca\components\app\Controllers\Main.php(35): CodeIgniter\BaseModel->paginate(10)
#7 C:\xampp\htdocs\krajca\components\system\CodeIgniter.php(919): App\Controllers\Main->getKomponent('mobo')
#8 C:\xampp\htdocs\krajca\components\system\CodeIgniter.php(494): CodeIgniter\CodeIgniter->runController(Object(App\Controllers\Main))
#9 C:\xampp\htdocs\krajca\components\system\CodeIgniter.php(353): CodeIgniter\CodeIgniter->handleRequest(NULL, Object(Config\Cache), false)
#10 C:\xampp\htdocs\krajca\components\index.php(79): CodeIgniter\CodeIgniter->run()
#11 {main}
CRITICAL - 2024-04-26 09:02:24 --> You have an error in your SQL syntax; check the manual that corresponds to your MariaDB server version for the right syntax to use near ')' at line 3
in SYSTEMPATH\Database\BaseConnection.php on line 646.
 1 SYSTEMPATH\Database\BaseBuilder.php(1699): CodeIgniter\Database\BaseConnection->query('SELECT COUNT(*) AS `numrows`
FROM `mt_komponent`
WHERE `typKomponentid` = :typKomponentid:', [...], false)
 2 SYSTEMPATH\Model.php(599): CodeIgniter\Database\BaseBuilder->countAllResults(false)
 3 SYSTEMPATH\BaseModel.php(1203): CodeIgniter\Model->countAllResults(false)
 4 APPPATH\Controllers\Main.php(35): CodeIgniter\BaseModel->paginate(10)
 5 SYSTEMPATH\CodeIgniter.php(919): App\Controllers\Main->getKomponent('mobo')
 6 SYSTEMPATH\CodeIgniter.php(494): CodeIgniter\CodeIgniter->runController(Object(App\Controllers\Main))
 7 SYSTEMPATH\CodeIgniter.php(353): CodeIgniter\CodeIgniter->handleRequest(null, Object(Config\Cache), false)
 8 FCPATH\index.php(79): CodeIgniter\CodeIgniter->run()
CRITICAL - 2024-04-26 09:03:25 --> Undefined variable $id
in APPPATH\Controllers\Main.php on line 35.
 1 APPPATH\Controllers\Main.php(35): CodeIgniter\Debug\Exceptions->errorHandler(2, 'Undefined variable $id', 'C:\\xampp\\htdocs\\krajca\\components\\app\\Controllers\\Main.php', 35)
 2 SYSTEMPATH\CodeIgniter.php(919): App\Controllers\Main->getKomponent('mobo')
 3 SYSTEMPATH\CodeIgniter.php(494): CodeIgniter\CodeIgniter->runController(Object(App\Controllers\Main))
 4 SYSTEMPATH\CodeIgniter.php(353): CodeIgniter\CodeIgniter->handleRequest(null, Object(Config\Cache), false)
 5 FCPATH\index.php(79): CodeIgniter\CodeIgniter->run()
CRITICAL - 2024-04-26 09:04:26 --> Undefined variable $id
in APPPATH\Controllers\Main.php on line 35.
 1 APPPATH\Controllers\Main.php(35): CodeIgniter\Debug\Exceptions->errorHandler(2, 'Undefined variable $id', 'C:\\xampp\\htdocs\\krajca\\components\\app\\Controllers\\Main.php', 35)
 2 SYSTEMPATH\CodeIgniter.php(919): App\Controllers\Main->getKomponent('mobo')
 3 SYSTEMPATH\CodeIgniter.php(494): CodeIgniter\CodeIgniter->runController(Object(App\Controllers\Main))
 4 SYSTEMPATH\CodeIgniter.php(353): CodeIgniter\CodeIgniter->handleRequest(null, Object(Config\Cache), false)
 5 FCPATH\index.php(79): CodeIgniter\CodeIgniter->run()
CRITICAL - 2024-04-26 09:04:31 --> Undefined variable $id
in APPPATH\Controllers\Main.php on line 35.
 1 APPPATH\Controllers\Main.php(35): CodeIgniter\Debug\Exceptions->errorHandler(2, 'Undefined variable $id', 'C:\\xampp\\htdocs\\krajca\\components\\app\\Controllers\\Main.php', 35)
 2 SYSTEMPATH\CodeIgniter.php(919): App\Controllers\Main->getKomponent('cpu')
 3 SYSTEMPATH\CodeIgniter.php(494): CodeIgniter\CodeIgniter->runController(Object(App\Controllers\Main))
 4 SYSTEMPATH\CodeIgniter.php(353): CodeIgniter\CodeIgniter->handleRequest(null, Object(Config\Cache), false)
 5 FCPATH\index.php(79): CodeIgniter\CodeIgniter->run()
CRITICAL - 2024-04-26 09:07:46 --> Undefined variable $id
in APPPATH\Controllers\Main.php on line 35.
 1 APPPATH\Controllers\Main.php(35): CodeIgniter\Debug\Exceptions->errorHandler(2, 'Undefined variable $id', 'C:\\xampp\\htdocs\\krajca\\components\\app\\Controllers\\Main.php', 35)
 2 SYSTEMPATH\CodeIgniter.php(919): App\Controllers\Main->getKomponent('mobo')
 3 SYSTEMPATH\CodeIgniter.php(494): CodeIgniter\CodeIgniter->runController(Object(App\Controllers\Main))
 4 SYSTEMPATH\CodeIgniter.php(353): CodeIgniter\CodeIgniter->handleRequest(null, Object(Config\Cache), false)
 5 FCPATH\index.php(79): CodeIgniter\CodeIgniter->run()
CRITICAL - 2024-04-26 09:07:53 --> Undefined variable $id
in APPPATH\Controllers\Main.php on line 35.
 1 APPPATH\Controllers\Main.php(35): CodeIgniter\Debug\Exceptions->errorHandler(2, 'Undefined variable $id', 'C:\\xampp\\htdocs\\krajca\\components\\app\\Controllers\\Main.php', 35)
 2 SYSTEMPATH\CodeIgniter.php(919): App\Controllers\Main->getKomponent('gpu')
 3 SYSTEMPATH\CodeIgniter.php(494): CodeIgniter\CodeIgniter->runController(Object(App\Controllers\Main))
 4 SYSTEMPATH\CodeIgniter.php(353): CodeIgniter\CodeIgniter->handleRequest(null, Object(Config\Cache), false)
 5 FCPATH\index.php(79): CodeIgniter\CodeIgniter->run()
CRITICAL - 2024-04-26 09:16:00 --> Undefined variable $id
in APPPATH\Controllers\Main.php on line 35.
 1 APPPATH\Controllers\Main.php(35): CodeIgniter\Debug\Exceptions->errorHandler(2, 'Undefined variable $id', 'C:\\xampp\\htdocs\\krajca\\components\\app\\Controllers\\Main.php', 35)
 2 SYSTEMPATH\CodeIgniter.php(919): App\Controllers\Main->getKomponent('gpu')
 3 SYSTEMPATH\CodeIgniter.php(494): CodeIgniter\CodeIgniter->runController(Object(App\Controllers\Main))
 4 SYSTEMPATH\CodeIgniter.php(353): CodeIgniter\CodeIgniter->handleRequest(null, Object(Config\Cache), false)
 5 FCPATH\index.php(79): CodeIgniter\CodeIgniter->run()
CRITICAL - 2024-04-26 09:16:02 --> Undefined variable $id
in APPPATH\Controllers\Main.php on line 35.
 1 APPPATH\Controllers\Main.php(35): CodeIgniter\Debug\Exceptions->errorHandler(2, 'Undefined variable $id', 'C:\\xampp\\htdocs\\krajca\\components\\app\\Controllers\\Main.php', 35)
 2 SYSTEMPATH\CodeIgniter.php(919): App\Controllers\Main->getKomponent('5')
 3 SYSTEMPATH\CodeIgniter.php(494): CodeIgniter\CodeIgniter->runController(Object(App\Controllers\Main))
 4 SYSTEMPATH\CodeIgniter.php(353): CodeIgniter\CodeIgniter->handleRequest(null, Object(Config\Cache), false)
 5 FCPATH\index.php(79): CodeIgniter\CodeIgniter->run()
CRITICAL - 2024-04-26 09:16:10 --> Undefined variable $id
in APPPATH\Controllers\Main.php on line 35.
 1 APPPATH\Controllers\Main.php(35): CodeIgniter\Debug\Exceptions->errorHandler(2, 'Undefined variable $id', 'C:\\xampp\\htdocs\\krajca\\components\\app\\Controllers\\Main.php', 35)
 2 SYSTEMPATH\CodeIgniter.php(919): App\Controllers\Main->getKomponent('1')
 3 SYSTEMPATH\CodeIgniter.php(494): CodeIgniter\CodeIgniter->runController(Object(App\Controllers\Main))
 4 SYSTEMPATH\CodeIgniter.php(353): CodeIgniter\CodeIgniter->handleRequest(null, Object(Config\Cache), false)
 5 FCPATH\index.php(79): CodeIgniter\CodeIgniter->run()
