CRITICAL - 2024-05-10 07:51:56 --> Undefined variable $id
in APPPATH\Controllers\Main.php on line 35.
 1 APPPATH\Controllers\Main.php(35): CodeIgniter\Debug\Exceptions->errorHandler(2, 'Undefined variable $id', 'C:\\xampp\\htdocs\\krajca\\components\\app\\Controllers\\Main.php', 35)
 2 SYSTEMPATH\CodeIgniter.php(919): App\Controllers\Main->getKomponent('mobo')
 3 SYSTEMPATH\CodeIgniter.php(494): CodeIgniter\CodeIgniter->runController(Object(App\Controllers\Main))
 4 SYSTEMPATH\CodeIgniter.php(353): CodeIgniter\CodeIgniter->handleRequest(null, Object(Config\Cache), false)
 5 FCPATH\index.php(79): CodeIgniter\CodeIgniter->run()
CRITICAL - 2024-05-10 07:52:00 --> Undefined variable $id
in APPPATH\Controllers\Main.php on line 35.
 1 APPPATH\Controllers\Main.php(35): CodeIgniter\Debug\Exceptions->errorHandler(2, 'Undefined variable $id', 'C:\\xampp\\htdocs\\krajca\\components\\app\\Controllers\\Main.php', 35)
 2 SYSTEMPATH\CodeIgniter.php(919): App\Controllers\Main->getKomponent('mobo')
 3 SYSTEMPATH\CodeIgniter.php(494): CodeIgniter\CodeIgniter->runController(Object(App\Controllers\Main))
 4 SYSTEMPATH\CodeIgniter.php(353): CodeIgniter\CodeIgniter->handleRequest(null, Object(Config\Cache), false)
 5 FCPATH\index.php(79): CodeIgniter\CodeIgniter->run()
ERROR - 2024-05-10 07:57:29 --> mysqli_sql_exception: Unknown column 'url' in 'where clause' in C:\xampp\htdocs\krajca\components\system\Database\MySQLi\Connection.php:306
Stack trace:
#0 C:\xampp\htdocs\krajca\components\system\Database\MySQLi\Connection.php(306): mysqli->query('SELECT COUNT(*)...', 0)
#1 C:\xampp\htdocs\krajca\components\system\Database\BaseConnection.php(692): CodeIgniter\Database\MySQLi\Connection->execute('SELECT COUNT(*)...')
#2 C:\xampp\htdocs\krajca\components\system\Database\BaseConnection.php(606): CodeIgniter\Database\BaseConnection->simpleQuery('SELECT COUNT(*)...')
#3 C:\xampp\htdocs\krajca\components\system\Database\BaseBuilder.php(1699): CodeIgniter\Database\BaseConnection->query('SELECT COUNT(*)...', Array, false)
#4 C:\xampp\htdocs\krajca\components\system\Model.php(599): CodeIgniter\Database\BaseBuilder->countAllResults(false)
#5 C:\xampp\htdocs\krajca\components\system\BaseModel.php(1203): CodeIgniter\Model->countAllResults(false)
#6 C:\xampp\htdocs\krajca\components\app\Controllers\Main.php(35): CodeIgniter\BaseModel->paginate(10)
#7 C:\xampp\htdocs\krajca\components\system\CodeIgniter.php(919): App\Controllers\Main->getKomponent('case')
#8 C:\xampp\htdocs\krajca\components\system\CodeIgniter.php(494): CodeIgniter\CodeIgniter->runController(Object(App\Controllers\Main))
#9 C:\xampp\htdocs\krajca\components\system\CodeIgniter.php(353): CodeIgniter\CodeIgniter->handleRequest(NULL, Object(Config\Cache), false)
#10 C:\xampp\htdocs\krajca\components\index.php(79): CodeIgniter\CodeIgniter->run()
#11 {main}
CRITICAL - 2024-05-10 07:57:29 --> Unknown column 'url' in 'where clause'
in SYSTEMPATH\Database\BaseConnection.php on line 646.
 1 SYSTEMPATH\Database\BaseBuilder.php(1699): CodeIgniter\Database\BaseConnection->query('SELECT COUNT(*) AS `numrows`
FROM `mt_komponent`
WHERE `url` = :url:', [...], false)
 2 SYSTEMPATH\Model.php(599): CodeIgniter\Database\BaseBuilder->countAllResults(false)
 3 SYSTEMPATH\BaseModel.php(1203): CodeIgniter\Model->countAllResults(false)
 4 APPPATH\Controllers\Main.php(35): CodeIgniter\BaseModel->paginate(10)
 5 SYSTEMPATH\CodeIgniter.php(919): App\Controllers\Main->getKomponent('case')
 6 SYSTEMPATH\CodeIgniter.php(494): CodeIgniter\CodeIgniter->runController(Object(App\Controllers\Main))
 7 SYSTEMPATH\CodeIgniter.php(353): CodeIgniter\CodeIgniter->handleRequest(null, Object(Config\Cache), false)
 8 FCPATH\index.php(79): CodeIgniter\CodeIgniter->run()
CRITICAL - 2024-05-10 08:05:17 --> Call to a member function where() on null
in APPPATH\Controllers\Main.php on line 34.
 1 SYSTEMPATH\CodeIgniter.php(919): App\Controllers\Main->getKomponent('case')
 2 SYSTEMPATH\CodeIgniter.php(494): CodeIgniter\CodeIgniter->runController(Object(App\Controllers\Main))
 3 SYSTEMPATH\CodeIgniter.php(353): CodeIgniter\CodeIgniter->handleRequest(null, Object(Config\Cache), false)
 4 FCPATH\index.php(79): CodeIgniter\CodeIgniter->run()
CRITICAL - 2024-05-10 08:05:21 --> Call to a member function where() on null
in APPPATH\Controllers\Main.php on line 34.
 1 SYSTEMPATH\CodeIgniter.php(919): App\Controllers\Main->getKomponent('gpu')
 2 SYSTEMPATH\CodeIgniter.php(494): CodeIgniter\CodeIgniter->runController(Object(App\Controllers\Main))
 3 SYSTEMPATH\CodeIgniter.php(353): CodeIgniter\CodeIgniter->handleRequest(null, Object(Config\Cache), false)
 4 FCPATH\index.php(79): CodeIgniter\CodeIgniter->run()
CRITICAL - 2024-05-10 08:05:35 --> Undefined variable $id
in APPPATH\Controllers\Main.php on line 34.
 1 APPPATH\Controllers\Main.php(34): CodeIgniter\Debug\Exceptions->errorHandler(2, 'Undefined variable $id', 'C:\\xampp\\htdocs\\krajca\\components\\app\\Controllers\\Main.php', 34)
 2 SYSTEMPATH\CodeIgniter.php(919): App\Controllers\Main->getKomponent('gpu')
 3 SYSTEMPATH\CodeIgniter.php(494): CodeIgniter\CodeIgniter->runController(Object(App\Controllers\Main))
 4 SYSTEMPATH\CodeIgniter.php(353): CodeIgniter\CodeIgniter->handleRequest(null, Object(Config\Cache), false)
 5 FCPATH\index.php(79): CodeIgniter\CodeIgniter->run()
CRITICAL - 2024-05-10 08:05:35 --> Undefined variable $id
in APPPATH\Controllers\Main.php on line 34.
 1 APPPATH\Controllers\Main.php(34): CodeIgniter\Debug\Exceptions->errorHandler(2, 'Undefined variable $id', 'C:\\xampp\\htdocs\\krajca\\components\\app\\Controllers\\Main.php', 34)
 2 SYSTEMPATH\CodeIgniter.php(919): App\Controllers\Main->getKomponent('gpu')
 3 SYSTEMPATH\CodeIgniter.php(494): CodeIgniter\CodeIgniter->runController(Object(App\Controllers\Main))
 4 SYSTEMPATH\CodeIgniter.php(353): CodeIgniter\CodeIgniter->handleRequest(null, Object(Config\Cache), false)
 5 FCPATH\index.php(79): CodeIgniter\CodeIgniter->run()
CRITICAL - 2024-05-10 08:16:49 --> Class "App\Controllers\MyConfig" not found
in APPPATH\Controllers\Main.php on line 21.
 1 SYSTEMPATH\CodeIgniter.php(891): App\Controllers\Main->__construct()
 2 SYSTEMPATH\CodeIgniter.php(485): CodeIgniter\CodeIgniter->createController()
 3 SYSTEMPATH\CodeIgniter.php(353): CodeIgniter\CodeIgniter->handleRequest(null, Object(Config\Cache), false)
 4 FCPATH\index.php(79): CodeIgniter\CodeIgniter->run()
CRITICAL - 2024-05-10 08:19:38 --> Class "App\Controllers\MyConfig" not found
in APPPATH\Controllers\Main.php on line 21.
 1 SYSTEMPATH\CodeIgniter.php(891): App\Controllers\Main->__construct()
 2 SYSTEMPATH\CodeIgniter.php(485): CodeIgniter\CodeIgniter->createController()
 3 SYSTEMPATH\CodeIgniter.php(353): CodeIgniter\CodeIgniter->handleRequest(null, Object(Config\Cache), false)
 4 FCPATH\index.php(79): CodeIgniter\CodeIgniter->run()
CRITICAL - 2024-05-10 08:19:38 --> Class "App\Controllers\MyConfig" not found
in APPPATH\Controllers\Main.php on line 21.
 1 SYSTEMPATH\CodeIgniter.php(891): App\Controllers\Main->__construct()
 2 SYSTEMPATH\CodeIgniter.php(485): CodeIgniter\CodeIgniter->createController()
 3 SYSTEMPATH\CodeIgniter.php(353): CodeIgniter\CodeIgniter->handleRequest(null, Object(Config\Cache), false)
 4 FCPATH\index.php(79): CodeIgniter\CodeIgniter->run()
CRITICAL - 2024-05-10 08:19:38 --> Class "App\Controllers\MyConfig" not found
in APPPATH\Controllers\Main.php on line 21.
 1 SYSTEMPATH\CodeIgniter.php(891): App\Controllers\Main->__construct()
 2 SYSTEMPATH\CodeIgniter.php(485): CodeIgniter\CodeIgniter->createController()
 3 SYSTEMPATH\CodeIgniter.php(353): CodeIgniter\CodeIgniter->handleRequest(null, Object(Config\Cache), false)
 4 FCPATH\index.php(79): CodeIgniter\CodeIgniter->run()
CRITICAL - 2024-05-10 08:19:39 --> Class "App\Controllers\MyConfig" not found
in APPPATH\Controllers\Main.php on line 21.
 1 SYSTEMPATH\CodeIgniter.php(891): App\Controllers\Main->__construct()
 2 SYSTEMPATH\CodeIgniter.php(485): CodeIgniter\CodeIgniter->createController()
 3 SYSTEMPATH\CodeIgniter.php(353): CodeIgniter\CodeIgniter->handleRequest(null, Object(Config\Cache), false)
 4 FCPATH\index.php(79): CodeIgniter\CodeIgniter->run()
CRITICAL - 2024-05-10 08:19:39 --> Class "App\Controllers\MyConfig" not found
in APPPATH\Controllers\Main.php on line 21.
 1 SYSTEMPATH\CodeIgniter.php(891): App\Controllers\Main->__construct()
 2 SYSTEMPATH\CodeIgniter.php(485): CodeIgniter\CodeIgniter->createController()
 3 SYSTEMPATH\CodeIgniter.php(353): CodeIgniter\CodeIgniter->handleRequest(null, Object(Config\Cache), false)
 4 FCPATH\index.php(79): CodeIgniter\CodeIgniter->run()
CRITICAL - 2024-05-10 08:19:40 --> Class "App\Controllers\MyConfig" not found
in APPPATH\Controllers\Main.php on line 21.
 1 SYSTEMPATH\CodeIgniter.php(891): App\Controllers\Main->__construct()
 2 SYSTEMPATH\CodeIgniter.php(485): CodeIgniter\CodeIgniter->createController()
 3 SYSTEMPATH\CodeIgniter.php(353): CodeIgniter\CodeIgniter->handleRequest(null, Object(Config\Cache), false)
 4 FCPATH\index.php(79): CodeIgniter\CodeIgniter->run()
CRITICAL - 2024-05-10 08:19:41 --> Class "App\Controllers\MyConfig" not found
in APPPATH\Controllers\Main.php on line 21.
 1 SYSTEMPATH\CodeIgniter.php(891): App\Controllers\Main->__construct()
 2 SYSTEMPATH\CodeIgniter.php(485): CodeIgniter\CodeIgniter->createController()
 3 SYSTEMPATH\CodeIgniter.php(353): CodeIgniter\CodeIgniter->handleRequest(null, Object(Config\Cache), false)
 4 FCPATH\index.php(79): CodeIgniter\CodeIgniter->run()
CRITICAL - 2024-05-10 08:20:50 --> Class "App\Controllers\MyConfig" not found
in APPPATH\Controllers\Main.php on line 21.
 1 SYSTEMPATH\CodeIgniter.php(891): App\Controllers\Main->__construct()
 2 SYSTEMPATH\CodeIgniter.php(485): CodeIgniter\CodeIgniter->createController()
 3 SYSTEMPATH\CodeIgniter.php(353): CodeIgniter\CodeIgniter->handleRequest(null, Object(Config\Cache), false)
 4 FCPATH\index.php(79): CodeIgniter\CodeIgniter->run()
CRITICAL - 2024-05-10 08:20:50 --> Class "App\Controllers\MyConfig" not found
in APPPATH\Controllers\Main.php on line 21.
 1 SYSTEMPATH\CodeIgniter.php(891): App\Controllers\Main->__construct()
 2 SYSTEMPATH\CodeIgniter.php(485): CodeIgniter\CodeIgniter->createController()
 3 SYSTEMPATH\CodeIgniter.php(353): CodeIgniter\CodeIgniter->handleRequest(null, Object(Config\Cache), false)
 4 FCPATH\index.php(79): CodeIgniter\CodeIgniter->run()
CRITICAL - 2024-05-10 08:24:38 --> Class "App\Config\MyConfig" not found
in APPPATH\Controllers\Main.php on line 22.
 1 SYSTEMPATH\CodeIgniter.php(891): App\Controllers\Main->__construct()
 2 SYSTEMPATH\CodeIgniter.php(485): CodeIgniter\CodeIgniter->createController()
 3 SYSTEMPATH\CodeIgniter.php(353): CodeIgniter\CodeIgniter->handleRequest(null, Object(Config\Cache), false)
 4 FCPATH\index.php(79): CodeIgniter\CodeIgniter->run()
CRITICAL - 2024-05-10 08:24:39 --> Class "App\Config\MyConfig" not found
in APPPATH\Controllers\Main.php on line 22.
 1 SYSTEMPATH\CodeIgniter.php(891): App\Controllers\Main->__construct()
 2 SYSTEMPATH\CodeIgniter.php(485): CodeIgniter\CodeIgniter->createController()
 3 SYSTEMPATH\CodeIgniter.php(353): CodeIgniter\CodeIgniter->handleRequest(null, Object(Config\Cache), false)
 4 FCPATH\index.php(79): CodeIgniter\CodeIgniter->run()
CRITICAL - 2024-05-10 08:25:05 --> Class "App\Config\MyConfig" not found
in APPPATH\Controllers\Main.php on line 22.
 1 SYSTEMPATH\CodeIgniter.php(891): App\Controllers\Main->__construct()
 2 SYSTEMPATH\CodeIgniter.php(485): CodeIgniter\CodeIgniter->createController()
 3 SYSTEMPATH\CodeIgniter.php(353): CodeIgniter\CodeIgniter->handleRequest(null, Object(Config\Cache), false)
 4 FCPATH\index.php(79): CodeIgniter\CodeIgniter->run()
CRITICAL - 2024-05-10 08:25:41 --> Class "App\Config\MyConfig" not found
in APPPATH\Controllers\Main.php on line 22.
 1 SYSTEMPATH\CodeIgniter.php(891): App\Controllers\Main->__construct()
 2 SYSTEMPATH\CodeIgniter.php(485): CodeIgniter\CodeIgniter->createController()
 3 SYSTEMPATH\CodeIgniter.php(353): CodeIgniter\CodeIgniter->handleRequest(null, Object(Config\Cache), false)
 4 FCPATH\index.php(79): CodeIgniter\CodeIgniter->run()
CRITICAL - 2024-05-10 08:25:42 --> Class "App\Config\MyConfig" not found
in APPPATH\Controllers\Main.php on line 22.
 1 SYSTEMPATH\CodeIgniter.php(891): App\Controllers\Main->__construct()
 2 SYSTEMPATH\CodeIgniter.php(485): CodeIgniter\CodeIgniter->createController()
 3 SYSTEMPATH\CodeIgniter.php(353): CodeIgniter\CodeIgniter->handleRequest(null, Object(Config\Cache), false)
 4 FCPATH\index.php(79): CodeIgniter\CodeIgniter->run()
CRITICAL - 2024-05-10 08:26:03 --> syntax error, unexpected token "="
in APPPATH\Controllers\Main.php on line 22.
 1 SYSTEMPATH\Autoloader\Autoloader.php(285): CodeIgniter\Autoloader\Autoloader->includeFile('C:\\xampp\\htdocs\\krajca\\components\\app\\Controllers\\Main.php')
 2 SYSTEMPATH\Autoloader\Autoloader.php(263): CodeIgniter\Autoloader\Autoloader->loadInNamespace('App\\Controllers\\Main')
 3 [internal function]: CodeIgniter\Autoloader\Autoloader->loadClass('App\\Controllers\\Main')
 4 SYSTEMPATH\CodeIgniter.php(877): class_exists('\\App\\Controllers\\Main', true)
 5 SYSTEMPATH\CodeIgniter.php(481): CodeIgniter\CodeIgniter->startController()
 6 SYSTEMPATH\CodeIgniter.php(353): CodeIgniter\CodeIgniter->handleRequest(null, Object(Config\Cache), false)
 7 FCPATH\index.php(79): CodeIgniter\CodeIgniter->run()
CRITICAL - 2024-05-10 08:26:12 --> Class "App\Config\MyConfig" not found
in APPPATH\Controllers\Main.php on line 22.
 1 SYSTEMPATH\CodeIgniter.php(891): App\Controllers\Main->__construct()
 2 SYSTEMPATH\CodeIgniter.php(485): CodeIgniter\CodeIgniter->createController()
 3 SYSTEMPATH\CodeIgniter.php(353): CodeIgniter\CodeIgniter->handleRequest(null, Object(Config\Cache), false)
 4 FCPATH\index.php(79): CodeIgniter\CodeIgniter->run()
CRITICAL - 2024-05-10 08:26:13 --> Class "App\Config\MyConfig" not found
in APPPATH\Controllers\Main.php on line 22.
 1 SYSTEMPATH\CodeIgniter.php(891): App\Controllers\Main->__construct()
 2 SYSTEMPATH\CodeIgniter.php(485): CodeIgniter\CodeIgniter->createController()
 3 SYSTEMPATH\CodeIgniter.php(353): CodeIgniter\CodeIgniter->handleRequest(null, Object(Config\Cache), false)
 4 FCPATH\index.php(79): CodeIgniter\CodeIgniter->run()
CRITICAL - 2024-05-10 08:27:16 --> Class "Config\MyConfig" not found
in APPPATH\Controllers\Main.php on line 22.
 1 SYSTEMPATH\CodeIgniter.php(891): App\Controllers\Main->__construct()
 2 SYSTEMPATH\CodeIgniter.php(485): CodeIgniter\CodeIgniter->createController()
 3 SYSTEMPATH\CodeIgniter.php(353): CodeIgniter\CodeIgniter->handleRequest(null, Object(Config\Cache), false)
 4 FCPATH\index.php(79): CodeIgniter\CodeIgniter->run()
CRITICAL - 2024-05-10 08:27:17 --> Class "Config\MyConfig" not found
in APPPATH\Controllers\Main.php on line 22.
 1 SYSTEMPATH\CodeIgniter.php(891): App\Controllers\Main->__construct()
 2 SYSTEMPATH\CodeIgniter.php(485): CodeIgniter\CodeIgniter->createController()
 3 SYSTEMPATH\CodeIgniter.php(353): CodeIgniter\CodeIgniter->handleRequest(null, Object(Config\Cache), false)
 4 FCPATH\index.php(79): CodeIgniter\CodeIgniter->run()
CRITICAL - 2024-05-10 08:27:17 --> Class "Config\MyConfig" not found
in APPPATH\Controllers\Main.php on line 22.
 1 SYSTEMPATH\CodeIgniter.php(891): App\Controllers\Main->__construct()
 2 SYSTEMPATH\CodeIgniter.php(485): CodeIgniter\CodeIgniter->createController()
 3 SYSTEMPATH\CodeIgniter.php(353): CodeIgniter\CodeIgniter->handleRequest(null, Object(Config\Cache), false)
 4 FCPATH\index.php(79): CodeIgniter\CodeIgniter->run()
CRITICAL - 2024-05-10 08:27:17 --> Class "Config\MyConfig" not found
in APPPATH\Controllers\Main.php on line 22.
 1 SYSTEMPATH\CodeIgniter.php(891): App\Controllers\Main->__construct()
 2 SYSTEMPATH\CodeIgniter.php(485): CodeIgniter\CodeIgniter->createController()
 3 SYSTEMPATH\CodeIgniter.php(353): CodeIgniter\CodeIgniter->handleRequest(null, Object(Config\Cache), false)
 4 FCPATH\index.php(79): CodeIgniter\CodeIgniter->run()
CRITICAL - 2024-05-10 08:27:17 --> Class "Config\MyConfig" not found
in APPPATH\Controllers\Main.php on line 22.
 1 SYSTEMPATH\CodeIgniter.php(891): App\Controllers\Main->__construct()
 2 SYSTEMPATH\CodeIgniter.php(485): CodeIgniter\CodeIgniter->createController()
 3 SYSTEMPATH\CodeIgniter.php(353): CodeIgniter\CodeIgniter->handleRequest(null, Object(Config\Cache), false)
 4 FCPATH\index.php(79): CodeIgniter\CodeIgniter->run()
CRITICAL - 2024-05-10 08:27:41 --> Class "App\Config\MyConfig" not found
in APPPATH\Controllers\Main.php on line 22.
 1 SYSTEMPATH\CodeIgniter.php(891): App\Controllers\Main->__construct()
 2 SYSTEMPATH\CodeIgniter.php(485): CodeIgniter\CodeIgniter->createController()
 3 SYSTEMPATH\CodeIgniter.php(353): CodeIgniter\CodeIgniter->handleRequest(null, Object(Config\Cache), false)
 4 FCPATH\index.php(79): CodeIgniter\CodeIgniter->run()
CRITICAL - 2024-05-10 08:28:00 --> Class "App\Config\MyConfig" not found
in APPPATH\Controllers\Main.php on line 22.
 1 SYSTEMPATH\CodeIgniter.php(891): App\Controllers\Main->__construct()
 2 SYSTEMPATH\CodeIgniter.php(485): CodeIgniter\CodeIgniter->createController()
 3 SYSTEMPATH\CodeIgniter.php(353): CodeIgniter\CodeIgniter->handleRequest(null, Object(Config\Cache), false)
 4 FCPATH\index.php(79): CodeIgniter\CodeIgniter->run()
CRITICAL - 2024-05-10 08:28:01 --> Class "App\Config\MyConfig" not found
in APPPATH\Controllers\Main.php on line 22.
 1 SYSTEMPATH\CodeIgniter.php(891): App\Controllers\Main->__construct()
 2 SYSTEMPATH\CodeIgniter.php(485): CodeIgniter\CodeIgniter->createController()
 3 SYSTEMPATH\CodeIgniter.php(353): CodeIgniter\CodeIgniter->handleRequest(null, Object(Config\Cache), false)
 4 FCPATH\index.php(79): CodeIgniter\CodeIgniter->run()
CRITICAL - 2024-05-10 08:29:06 --> Class "App\Config\MyConfig" not found
in APPPATH\Controllers\Main.php on line 22.
 1 SYSTEMPATH\CodeIgniter.php(891): App\Controllers\Main->__construct()
 2 SYSTEMPATH\CodeIgniter.php(485): CodeIgniter\CodeIgniter->createController()
 3 SYSTEMPATH\CodeIgniter.php(353): CodeIgniter\CodeIgniter->handleRequest(null, Object(Config\Cache), false)
 4 FCPATH\index.php(79): CodeIgniter\CodeIgniter->run()
CRITICAL - 2024-05-10 08:29:58 --> Class "MyConfig" not found
in APPPATH\Controllers\Main.php on line 23.
 1 SYSTEMPATH\CodeIgniter.php(891): App\Controllers\Main->__construct()
 2 SYSTEMPATH\CodeIgniter.php(485): CodeIgniter\CodeIgniter->createController()
 3 SYSTEMPATH\CodeIgniter.php(353): CodeIgniter\CodeIgniter->handleRequest(null, Object(Config\Cache), false)
 4 FCPATH\index.php(79): CodeIgniter\CodeIgniter->run()
CRITICAL - 2024-05-10 08:29:58 --> Class "MyConfig" not found
in APPPATH\Controllers\Main.php on line 23.
 1 SYSTEMPATH\CodeIgniter.php(891): App\Controllers\Main->__construct()
 2 SYSTEMPATH\CodeIgniter.php(485): CodeIgniter\CodeIgniter->createController()
 3 SYSTEMPATH\CodeIgniter.php(353): CodeIgniter\CodeIgniter->handleRequest(null, Object(Config\Cache), false)
 4 FCPATH\index.php(79): CodeIgniter\CodeIgniter->run()
CRITICAL - 2024-05-10 08:29:59 --> Class "MyConfig" not found
in APPPATH\Controllers\Main.php on line 23.
 1 SYSTEMPATH\CodeIgniter.php(891): App\Controllers\Main->__construct()
 2 SYSTEMPATH\CodeIgniter.php(485): CodeIgniter\CodeIgniter->createController()
 3 SYSTEMPATH\CodeIgniter.php(353): CodeIgniter\CodeIgniter->handleRequest(null, Object(Config\Cache), false)
 4 FCPATH\index.php(79): CodeIgniter\CodeIgniter->run()
CRITICAL - 2024-05-10 08:30:59 --> Class "App\Config\MyConfig" not found
in APPPATH\Controllers\Main.php on line 23.
 1 SYSTEMPATH\CodeIgniter.php(891): App\Controllers\Main->__construct()
 2 SYSTEMPATH\CodeIgniter.php(485): CodeIgniter\CodeIgniter->createController()
 3 SYSTEMPATH\CodeIgniter.php(353): CodeIgniter\CodeIgniter->handleRequest(null, Object(Config\Cache), false)
 4 FCPATH\index.php(79): CodeIgniter\CodeIgniter->run()
CRITICAL - 2024-05-10 08:31:00 --> Class "App\Config\MyConfig" not found
in APPPATH\Controllers\Main.php on line 23.
 1 SYSTEMPATH\CodeIgniter.php(891): App\Controllers\Main->__construct()
 2 SYSTEMPATH\CodeIgniter.php(485): CodeIgniter\CodeIgniter->createController()
 3 SYSTEMPATH\CodeIgniter.php(353): CodeIgniter\CodeIgniter->handleRequest(null, Object(Config\Cache), false)
 4 FCPATH\index.php(79): CodeIgniter\CodeIgniter->run()
CRITICAL - 2024-05-10 08:31:00 --> Class "App\Config\MyConfig" not found
in APPPATH\Controllers\Main.php on line 23.
 1 SYSTEMPATH\CodeIgniter.php(891): App\Controllers\Main->__construct()
 2 SYSTEMPATH\CodeIgniter.php(485): CodeIgniter\CodeIgniter->createController()
 3 SYSTEMPATH\CodeIgniter.php(353): CodeIgniter\CodeIgniter->handleRequest(null, Object(Config\Cache), false)
 4 FCPATH\index.php(79): CodeIgniter\CodeIgniter->run()
CRITICAL - 2024-05-10 08:31:00 --> Class "App\Config\MyConfig" not found
in APPPATH\Controllers\Main.php on line 23.
 1 SYSTEMPATH\CodeIgniter.php(891): App\Controllers\Main->__construct()
 2 SYSTEMPATH\CodeIgniter.php(485): CodeIgniter\CodeIgniter->createController()
 3 SYSTEMPATH\CodeIgniter.php(353): CodeIgniter\CodeIgniter->handleRequest(null, Object(Config\Cache), false)
 4 FCPATH\index.php(79): CodeIgniter\CodeIgniter->run()
CRITICAL - 2024-05-10 08:31:00 --> Class "App\Config\MyConfig" not found
in APPPATH\Controllers\Main.php on line 23.
 1 SYSTEMPATH\CodeIgniter.php(891): App\Controllers\Main->__construct()
 2 SYSTEMPATH\CodeIgniter.php(485): CodeIgniter\CodeIgniter->createController()
 3 SYSTEMPATH\CodeIgniter.php(353): CodeIgniter\CodeIgniter->handleRequest(null, Object(Config\Cache), false)
 4 FCPATH\index.php(79): CodeIgniter\CodeIgniter->run()
CRITICAL - 2024-05-10 08:31:00 --> Class "App\Config\MyConfig" not found
in APPPATH\Controllers\Main.php on line 23.
 1 SYSTEMPATH\CodeIgniter.php(891): App\Controllers\Main->__construct()
 2 SYSTEMPATH\CodeIgniter.php(485): CodeIgniter\CodeIgniter->createController()
 3 SYSTEMPATH\CodeIgniter.php(353): CodeIgniter\CodeIgniter->handleRequest(null, Object(Config\Cache), false)
 4 FCPATH\index.php(79): CodeIgniter\CodeIgniter->run()
CRITICAL - 2024-05-10 08:31:00 --> Class "App\Config\MyConfig" not found
in APPPATH\Controllers\Main.php on line 23.
 1 SYSTEMPATH\CodeIgniter.php(891): App\Controllers\Main->__construct()
 2 SYSTEMPATH\CodeIgniter.php(485): CodeIgniter\CodeIgniter->createController()
 3 SYSTEMPATH\CodeIgniter.php(353): CodeIgniter\CodeIgniter->handleRequest(null, Object(Config\Cache), false)
 4 FCPATH\index.php(79): CodeIgniter\CodeIgniter->run()
CRITICAL - 2024-05-10 08:31:11 --> Class "App\Config\MyConfig" not found
in APPPATH\Controllers\Main.php on line 23.
 1 SYSTEMPATH\CodeIgniter.php(891): App\Controllers\Main->__construct()
 2 SYSTEMPATH\CodeIgniter.php(485): CodeIgniter\CodeIgniter->createController()
 3 SYSTEMPATH\CodeIgniter.php(353): CodeIgniter\CodeIgniter->handleRequest(null, Object(Config\Cache), false)
 4 FCPATH\index.php(79): CodeIgniter\CodeIgniter->run()
CRITICAL - 2024-05-10 08:31:12 --> Class "App\Config\MyConfig" not found
in APPPATH\Controllers\Main.php on line 23.
 1 SYSTEMPATH\CodeIgniter.php(891): App\Controllers\Main->__construct()
 2 SYSTEMPATH\CodeIgniter.php(485): CodeIgniter\CodeIgniter->createController()
 3 SYSTEMPATH\CodeIgniter.php(353): CodeIgniter\CodeIgniter->handleRequest(null, Object(Config\Cache), false)
 4 FCPATH\index.php(79): CodeIgniter\CodeIgniter->run()
CRITICAL - 2024-05-10 08:31:12 --> Class "App\Config\MyConfig" not found
in APPPATH\Controllers\Main.php on line 23.
 1 SYSTEMPATH\CodeIgniter.php(891): App\Controllers\Main->__construct()
 2 SYSTEMPATH\CodeIgniter.php(485): CodeIgniter\CodeIgniter->createController()
 3 SYSTEMPATH\CodeIgniter.php(353): CodeIgniter\CodeIgniter->handleRequest(null, Object(Config\Cache), false)
 4 FCPATH\index.php(79): CodeIgniter\CodeIgniter->run()
CRITICAL - 2024-05-10 08:31:12 --> Class "App\Config\MyConfig" not found
in APPPATH\Controllers\Main.php on line 23.
 1 SYSTEMPATH\CodeIgniter.php(891): App\Controllers\Main->__construct()
 2 SYSTEMPATH\CodeIgniter.php(485): CodeIgniter\CodeIgniter->createController()
 3 SYSTEMPATH\CodeIgniter.php(353): CodeIgniter\CodeIgniter->handleRequest(null, Object(Config\Cache), false)
 4 FCPATH\index.php(79): CodeIgniter\CodeIgniter->run()
CRITICAL - 2024-05-10 08:31:12 --> Class "App\Config\MyConfig" not found
in APPPATH\Controllers\Main.php on line 23.
 1 SYSTEMPATH\CodeIgniter.php(891): App\Controllers\Main->__construct()
 2 SYSTEMPATH\CodeIgniter.php(485): CodeIgniter\CodeIgniter->createController()
 3 SYSTEMPATH\CodeIgniter.php(353): CodeIgniter\CodeIgniter->handleRequest(null, Object(Config\Cache), false)
 4 FCPATH\index.php(79): CodeIgniter\CodeIgniter->run()
CRITICAL - 2024-05-10 08:32:44 --> Class "App\Config\MyConfig" not found
in APPPATH\Controllers\Main.php on line 24.
 1 SYSTEMPATH\CodeIgniter.php(891): App\Controllers\Main->__construct()
 2 SYSTEMPATH\CodeIgniter.php(485): CodeIgniter\CodeIgniter->createController()
 3 SYSTEMPATH\CodeIgniter.php(353): CodeIgniter\CodeIgniter->handleRequest(null, Object(Config\Cache), false)
 4 FCPATH\index.php(79): CodeIgniter\CodeIgniter->run()
CRITICAL - 2024-05-10 08:32:45 --> Class "App\Config\MyConfig" not found
in APPPATH\Controllers\Main.php on line 24.
 1 SYSTEMPATH\CodeIgniter.php(891): App\Controllers\Main->__construct()
 2 SYSTEMPATH\CodeIgniter.php(485): CodeIgniter\CodeIgniter->createController()
 3 SYSTEMPATH\CodeIgniter.php(353): CodeIgniter\CodeIgniter->handleRequest(null, Object(Config\Cache), false)
 4 FCPATH\index.php(79): CodeIgniter\CodeIgniter->run()
CRITICAL - 2024-05-10 08:32:45 --> Class "App\Config\MyConfig" not found
in APPPATH\Controllers\Main.php on line 24.
 1 SYSTEMPATH\CodeIgniter.php(891): App\Controllers\Main->__construct()
 2 SYSTEMPATH\CodeIgniter.php(485): CodeIgniter\CodeIgniter->createController()
 3 SYSTEMPATH\CodeIgniter.php(353): CodeIgniter\CodeIgniter->handleRequest(null, Object(Config\Cache), false)
 4 FCPATH\index.php(79): CodeIgniter\CodeIgniter->run()
CRITICAL - 2024-05-10 08:34:11 --> Class "App\Controllers\MyConfig" not found
in APPPATH\Controllers\Main.php on line 23.
 1 SYSTEMPATH\CodeIgniter.php(891): App\Controllers\Main->__construct()
 2 SYSTEMPATH\CodeIgniter.php(485): CodeIgniter\CodeIgniter->createController()
 3 SYSTEMPATH\CodeIgniter.php(353): CodeIgniter\CodeIgniter->handleRequest(null, Object(Config\Cache), false)
 4 FCPATH\index.php(79): CodeIgniter\CodeIgniter->run()
CRITICAL - 2024-05-10 08:34:12 --> Class "App\Controllers\MyConfig" not found
in APPPATH\Controllers\Main.php on line 23.
 1 SYSTEMPATH\CodeIgniter.php(891): App\Controllers\Main->__construct()
 2 SYSTEMPATH\CodeIgniter.php(485): CodeIgniter\CodeIgniter->createController()
 3 SYSTEMPATH\CodeIgniter.php(353): CodeIgniter\CodeIgniter->handleRequest(null, Object(Config\Cache), false)
 4 FCPATH\index.php(79): CodeIgniter\CodeIgniter->run()
CRITICAL - 2024-05-10 08:36:05 --> Undefined variable $config
in APPPATH\Controllers\Main.php on line 36.
 1 APPPATH\Controllers\Main.php(36): CodeIgniter\Debug\Exceptions->errorHandler(2, 'Undefined variable $config', 'C:\\xampp\\htdocs\\krajca\\components\\app\\Controllers\\Main.php', 36)
 2 SYSTEMPATH\CodeIgniter.php(919): App\Controllers\Main->getKomponent('mobo')
 3 SYSTEMPATH\CodeIgniter.php(494): CodeIgniter\CodeIgniter->runController(Object(App\Controllers\Main))
 4 SYSTEMPATH\CodeIgniter.php(353): CodeIgniter\CodeIgniter->handleRequest(null, Object(Config\Cache), false)
 5 FCPATH\index.php(79): CodeIgniter\CodeIgniter->run()
CRITICAL - 2024-05-10 08:36:39 --> Undefined variable $oof
in APPPATH\Controllers\Main.php on line 36.
 1 APPPATH\Controllers\Main.php(36): CodeIgniter\Debug\Exceptions->errorHandler(2, 'Undefined variable $oof', 'C:\\xampp\\htdocs\\krajca\\components\\app\\Controllers\\Main.php', 36)
 2 SYSTEMPATH\CodeIgniter.php(919): App\Controllers\Main->getKomponent('mobo')
 3 SYSTEMPATH\CodeIgniter.php(494): CodeIgniter\CodeIgniter->runController(Object(App\Controllers\Main))
 4 SYSTEMPATH\CodeIgniter.php(353): CodeIgniter\CodeIgniter->handleRequest(null, Object(Config\Cache), false)
 5 FCPATH\index.php(79): CodeIgniter\CodeIgniter->run()
